app/build/outputs/logs/manifest-merger-release-report.txt
-- Merging decision tree log ---
manifest
ADDED from src\main\AndroidManifest.xml:2:1-338:12
INJECTED from src\main\AndroidManifest.xml:2:1-338:12
INJECTED from src\main\AndroidManifest.xml:2:1-338:12
INJECTED from src\main\AndroidManifest.xml:2:1-338:12
MERGED from [com.prolificinteractive:material-calendarview:1.4.0] AndroidManifest.xml:2:1-14:12
MERGED from [com.journeyapps:zxing-android-embedded:3.3.0] AndroidManifest.xml:17:1-55:12
MERGED from [com.android.support:support-v4:27.1.1] AndroidManifest.xml:17:1-22:12
MERGED from [com.android.support:recyclerview-v7:27.1.1] AndroidManifest.xml:17:1-22:12
MERGED from [com.android.support:support-fragment:27.1.1] AndroidManifest.xml:17:1-22:12
MERGED from [com.android.support:support-core-ui:27.1.1] AndroidManifest.xml:17:1-22:12
MERGED from [com.android.support:support-core-utils:27.1.1] AndroidManifest.xml:17:1-22:12
MERGED from [com.android.support:support-media-compat:27.1.1] AndroidManifest.xml:17:1-22:12
MERGED from [com.android.support:support-compat:27.1.1] AndroidManifest.xml:17:1-22:12
MERGED from [android.arch.lifecycle:runtime:1.1.0] AndroidManifest.xml:17:1-22:12
MERGED from [android.arch.lifecycle:livedata-core:1.1.0] AndroidManifest.xml:17:1-22:12
MERGED from [android.arch.core:runtime:1.1.0] AndroidManifest.xml:17:1-22:12
MERGED from [android.arch.lifecycle:viewmodel:1.1.0] AndroidManifest.xml:17:1-22:12
INJECTED from src\main\AndroidManifest.xml:2:1-338:12
INJECTED from src\main\AndroidManifest.xml:2:1-338:12
INJECTED from src\main\AndroidManifest.xml:2:1-338:12
	package
		ADDED from src\main\AndroidManifest.xml:3:5-34
		INJECTED from src\main\AndroidManifest.xml
		INJECTED from src\main\AndroidManifest.xml
	android:versionName
		ADDED from src\main\AndroidManifest.xml:5:5-30
		INJECTED from src\main\AndroidManifest.xml
		INJECTED from src\main\AndroidManifest.xml
	xmlns:android
		ADDED from src\main\AndroidManifest.xml:2:11-69
	android:versionCode
		ADDED from src\main\AndroidManifest.xml:4:5-29
		INJECTED from src\main\AndroidManifest.xml
		INJECTED from src\main\AndroidManifest.xml
uses-sdk
ADDED from src\main\AndroidManifest.xml:7:5-9:41
INJECTED from src\main\AndroidManifest.xml:7:5-9:41
INJECTED from src\main\AndroidManifest.xml:7:5-9:41
MERGED from [com.prolificinteractive:material-calendarview:1.4.0] AndroidManifest.xml:8:5-10:41
MERGED from [com.prolificinteractive:material-calendarview:1.4.0] AndroidManifest.xml:8:5-10:41
MERGED from [com.journeyapps:zxing-android-embedded:3.3.0] AndroidManifest.xml:19:5-43
MERGED from [com.journeyapps:zxing-android-embedded:3.3.0] AndroidManifest.xml:19:5-43
MERGED from [com.android.support:support-v4:27.1.1] AndroidManifest.xml:20:5-44
MERGED from [com.android.support:support-v4:27.1.1] AndroidManifest.xml:20:5-44
MERGED from [com.android.support:recyclerview-v7:27.1.1] AndroidManifest.xml:20:5-44
MERGED from [com.android.support:recyclerview-v7:27.1.1] AndroidManifest.xml:20:5-44
MERGED from [com.android.support:support-fragment:27.1.1] AndroidManifest.xml:20:5-44
MERGED from [com.android.support:support-fragment:27.1.1] AndroidManifest.xml:20:5-44
MERGED from [com.android.support:support-core-ui:27.1.1] AndroidManifest.xml:20:5-44
MERGED from [com.android.support:support-core-ui:27.1.1] AndroidManifest.xml:20:5-44
MERGED from [com.android.support:support-core-utils:27.1.1] AndroidManifest.xml:20:5-44
MERGED from [com.android.support:support-core-utils:27.1.1] AndroidManifest.xml:20:5-44
MERGED from [com.android.support:support-media-compat:27.1.1] AndroidManifest.xml:20:5-44
MERGED from [com.android.support:support-media-compat:27.1.1] AndroidManifest.xml:20:5-44
MERGED from [com.android.support:support-compat:27.1.1] AndroidManifest.xml:20:5-44
MERGED from [com.android.support:support-compat:27.1.1] AndroidManifest.xml:20:5-44
MERGED from [android.arch.lifecycle:runtime:1.1.0] AndroidManifest.xml:20:5-44
MERGED from [android.arch.lifecycle:runtime:1.1.0] AndroidManifest.xml:20:5-44
MERGED from [android.arch.lifecycle:livedata-core:1.1.0] AndroidManifest.xml:20:5-44
MERGED from [android.arch.lifecycle:livedata-core:1.1.0] AndroidManifest.xml:20:5-44
MERGED from [android.arch.core:runtime:1.1.0] AndroidManifest.xml:20:5-44
MERGED from [android.arch.core:runtime:1.1.0] AndroidManifest.xml:20:5-44
MERGED from [android.arch.lifecycle:viewmodel:1.1.0] AndroidManifest.xml:20:5-44
MERGED from [android.arch.lifecycle:viewmodel:1.1.0] AndroidManifest.xml:20:5-44
INJECTED from src\main\AndroidManifest.xml:7:5-9:41
INJECTED from src\main\AndroidManifest.xml:7:5-9:41
	android:targetSdkVersion
		ADDED from src\main\AndroidManifest.xml:9:9-38
		INJECTED from src\main\AndroidManifest.xml
		INJECTED from src\main\AndroidManifest.xml
	android:minSdkVersion
		ADDED from src\main\AndroidManifest.xml:8:9-35
		INJECTED from src\main\AndroidManifest.xml
		INJECTED from src\main\AndroidManifest.xml
uses-permission#android.permission.BLUETOOTH
ADDED from src\main\AndroidManifest.xml:11:5-68
	android:name
		ADDED from src\main\AndroidManifest.xml:11:22-65
uses-permission#android.permission.GET_ACCOUNTS
ADDED from src\main\AndroidManifest.xml:12:5-71
	android:name
		ADDED from src\main\AndroidManifest.xml:12:22-68
uses-permission#android.permission.USE_CREDENTIALS
ADDED from src\main\AndroidManifest.xml:13:5-74
	android:name
		ADDED from src\main\AndroidManifest.xml:13:22-71
uses-permission#android.permission.MANAGE_ACCOUNTS
ADDED from src\main\AndroidManifest.xml:14:5-74
	android:name
		ADDED from src\main\AndroidManifest.xml:14:22-71
uses-permission#android.permission.AUTHENTICATE_ACCOUNTS
ADDED from src\main\AndroidManifest.xml:15:5-80
	android:name
		ADDED from src\main\AndroidManifest.xml:15:22-77
uses-permission#android.permission.ACCESS_NETWORK_STATE
ADDED from src\main\AndroidManifest.xml:16:5-79
	android:name
		ADDED from src\main\AndroidManifest.xml:16:22-76
uses-permission#android.permission.INTERNET
ADDED from src\main\AndroidManifest.xml:17:5-67
	android:name
		ADDED from src\main\AndroidManifest.xml:17:22-64
uses-permission#com.android.launcher.permission.READ_SETTINGS
ADDED from src\main\AndroidManifest.xml:18:5-85
	android:name
		ADDED from src\main\AndroidManifest.xml:18:22-82
uses-permission#android.permission.CHANGE_WIFI_STATE
ADDED from src\main\AndroidManifest.xml:19:5-76
	android:name
		ADDED from src\main\AndroidManifest.xml:19:22-73
uses-permission#android.permission.ACCESS_WIFI_STATE
ADDED from src\main\AndroidManifest.xml:20:5-76
	android:name
		ADDED from src\main\AndroidManifest.xml:20:22-73
uses-permission#android.permission.READ_PHONE_STATE
ADDED from src\main\AndroidManifest.xml:21:5-75
	android:name
		ADDED from src\main\AndroidManifest.xml:21:22-72
uses-permission#android.permission.WRITE_EXTERNAL_STORAGE
ADDED from src\main\AndroidManifest.xml:22:5-81
	android:name
		ADDED from src\main\AndroidManifest.xml:22:22-78
uses-permission#android.permission.BROADCAST_STICKY
ADDED from src\main\AndroidManifest.xml:23:5-75
	android:name
		ADDED from src\main\AndroidManifest.xml:23:22-72
uses-permission#android.permission.REQUEST_INSTALL_PACKAGES
ADDED from src\main\AndroidManifest.xml:24:5-83
	android:name
		ADDED from src\main\AndroidManifest.xml:24:22-80
uses-permission#android.permission.CALL_PHONE
ADDED from src\main\AndroidManifest.xml:25:5-69
	android:name
		ADDED from src\main\AndroidManifest.xml:25:22-66
uses-permission#android.permission.ACCESS_FINE_LOCATION
ADDED from src\main\AndroidManifest.xml:26:5-79
	android:name
		ADDED from src\main\AndroidManifest.xml:26:22-76
uses-permission#android.permission.READ_CONTACTS
ADDED from src\main\AndroidManifest.xml:27:5-72
	android:name
		ADDED from src\main\AndroidManifest.xml:27:22-69
uses-permission#android.permission.WRITE_CONTACTS
ADDED from src\main\AndroidManifest.xml:28:5-73
	android:name
		ADDED from src\main\AndroidManifest.xml:28:22-70
uses-permission#android.permission.BAIDU_LOCATION_SERVICE
ADDED from src\main\AndroidManifest.xml:29:5-81
	android:name
		ADDED from src\main\AndroidManifest.xml:29:22-78
uses-permission#android.permission.ACCESS_COARSE_LOCATION
ADDED from src\main\AndroidManifest.xml:30:5-81
	android:name
		ADDED from src\main\AndroidManifest.xml:30:22-78
uses-permission#android.permission.ACCESS_GPS
ADDED from src\main\AndroidManifest.xml:31:5-69
	android:name
		ADDED from src\main\AndroidManifest.xml:31:22-66
uses-permission#android.permission.CAMERA
ADDED from src\main\AndroidManifest.xml:32:5-65
MERGED from [com.journeyapps:zxing-android-embedded:3.3.0] AndroidManifest.xml:21:5-65
MERGED from [com.journeyapps:zxing-android-embedded:3.3.0] AndroidManifest.xml:21:5-65
	android:name
		ADDED from src\main\AndroidManifest.xml:32:22-62
application
ADDED from src\main\AndroidManifest.xml:34:5-336:19
MERGED from [com.prolificinteractive:material-calendarview:1.4.0] AndroidManifest.xml:12:5-20
MERGED from [com.prolificinteractive:material-calendarview:1.4.0] AndroidManifest.xml:12:5-20
MERGED from [com.journeyapps:zxing-android-embedded:3.3.0] AndroidManifest.xml:45:5-53:19
MERGED from [com.journeyapps:zxing-android-embedded:3.3.0] AndroidManifest.xml:45:5-53:19
	android:screenOrientation
		ADDED from src\main\AndroidManifest.xml:40:9-45
	android:label
		ADDED from src\main\AndroidManifest.xml:39:9-41
	android:exported
		ADDED from src\main\AndroidManifest.xml:37:9-33
	android:icon
		ADDED from src\main\AndroidManifest.xml:38:9-45
	android:allowBackup
		ADDED from src\main\AndroidManifest.xml:36:9-36
	android:theme
		ADDED from src\main\AndroidManifest.xml:41:9-67
	android:name
		ADDED from src\main\AndroidManifest.xml:35:9-60
meta-data#com.baidu.lbsapi.API_KEY
ADDED from src\main\AndroidManifest.xml:42:9-44:64
	android:value
		ADDED from src\main\AndroidManifest.xml:44:13-61
	android:name
		ADDED from src\main\AndroidManifest.xml:43:13-52
activity#com.goodsurfing.main.WelcomeActivity
ADDED from src\main\AndroidManifest.xml:46:9-55:20
	android:screenOrientation
		ADDED from src\main\AndroidManifest.xml:49:13-49
	android:label
		ADDED from src\main\AndroidManifest.xml:48:13-45
	android:name
		ADDED from src\main\AndroidManifest.xml:47:13-64
intent-filter#action:name:android.intent.action.MAIN+category:name:android.intent.category.LAUNCHER
ADDED from src\main\AndroidManifest.xml:50:13-54:29
action#android.intent.action.MAIN
ADDED from src\main\AndroidManifest.xml:51:17-69
	android:name
		ADDED from src\main\AndroidManifest.xml:51:25-66
category#android.intent.category.LAUNCHER
ADDED from src\main\AndroidManifest.xml:53:17-77
	android:name
		ADDED from src\main\AndroidManifest.xml:53:27-74
activity#com.goodsurfing.main.MoreActivity
ADDED from src\main\AndroidManifest.xml:56:9-58:71
	android:theme
		ADDED from src\main\AndroidManifest.xml:58:13-59
	android:name
		ADDED from src\main\AndroidManifest.xml:57:13-61
activity#com.goodsurfing.main.DynamicActivity
ADDED from src\main\AndroidManifest.xml:59:9-61:71
	android:theme
		ADDED from src\main\AndroidManifest.xml:61:13-59
	android:name
		ADDED from src\main\AndroidManifest.xml:60:13-64
activity#com.goodsurfing.main.BindPhoneActivity
ADDED from src\main\AndroidManifest.xml:62:9-64:71
	android:theme
		ADDED from src\main\AndroidManifest.xml:64:13-59
	android:name
		ADDED from src\main\AndroidManifest.xml:63:13-66
activity#com.goodsurfing.main.UserAgreementActivity
ADDED from src\main\AndroidManifest.xml:65:9-67:71
	android:theme
		ADDED from src\main\AndroidManifest.xml:67:13-59
	android:name
		ADDED from src\main\AndroidManifest.xml:66:13-70
activity#com.goodsurfing.main.PayOkActivity
ADDED from src\main\AndroidManifest.xml:68:9-70:71
	android:theme
		ADDED from src\main\AndroidManifest.xml:70:13-59
	android:name
		ADDED from src\main\AndroidManifest.xml:69:13-62
activity#com.goodsurfing.map.MapActivity
ADDED from src\main\AndroidManifest.xml:71:9-74:71
	android:screenOrientation
		ADDED from src\main\AndroidManifest.xml:73:13-49
	android:theme
		ADDED from src\main\AndroidManifest.xml:74:13-59
	android:name
		ADDED from src\main\AndroidManifest.xml:72:13-59
activity#com.goodsurfing.map.HczMapActivity
ADDED from src\main\AndroidManifest.xml:75:9-78:71
	android:screenOrientation
		ADDED from src\main\AndroidManifest.xml:77:13-49
	android:theme
		ADDED from src\main\AndroidManifest.xml:78:13-59
	android:name
		ADDED from src\main\AndroidManifest.xml:76:13-62
activity#com.goodsurfing.map.HczTrajectoryMapActivity
ADDED from src\main\AndroidManifest.xml:79:9-82:71
	android:screenOrientation
		ADDED from src\main\AndroidManifest.xml:81:13-49
	android:theme
		ADDED from src\main\AndroidManifest.xml:82:13-59
	android:name
		ADDED from src\main\AndroidManifest.xml:80:13-72
activity#com.goodsurfing.addchild.BindScanActivity
ADDED from src\main\AndroidManifest.xml:83:9-87:71
	android:screenOrientation
		ADDED from src\main\AndroidManifest.xml:86:13-49
	android:launchMode
		ADDED from src\main\AndroidManifest.xml:85:13-44
	android:theme
		ADDED from src\main\AndroidManifest.xml:87:13-59
	android:name
		ADDED from src\main\AndroidManifest.xml:84:13-69
activity#com.goodsurfing.main.EditPhoneActivity
ADDED from src\main\AndroidManifest.xml:88:9-91:71
	android:screenOrientation
		ADDED from src\main\AndroidManifest.xml:90:13-49
	android:theme
		ADDED from src\main\AndroidManifest.xml:91:13-59
	android:name
		ADDED from src\main\AndroidManifest.xml:89:13-66
activity#com.goodsurfing.main.MainActivity
ADDED from src\main\AndroidManifest.xml:92:9-96:71
	android:screenOrientation
		ADDED from src\main\AndroidManifest.xml:95:13-49
	android:launchMode
		ADDED from src\main\AndroidManifest.xml:94:13-44
	android:theme
		ADDED from src\main\AndroidManifest.xml:96:13-59
	android:name
		ADDED from src\main\AndroidManifest.xml:93:13-61
activity#com.goodsurfing.main.TimeControllerActivity
ADDED from src\main\AndroidManifest.xml:97:9-100:71
	android:screenOrientation
		ADDED from src\main\AndroidManifest.xml:99:13-49
	android:theme
		ADDED from src\main\AndroidManifest.xml:100:13-59
	android:name
		ADDED from src\main\AndroidManifest.xml:98:13-71
activity#com.goodsurfing.main.TimeControllerActivity1
ADDED from src\main\AndroidManifest.xml:101:9-104:71
	android:screenOrientation
		ADDED from src\main\AndroidManifest.xml:103:13-49
	android:theme
		ADDED from src\main\AndroidManifest.xml:104:13-59
	android:name
		ADDED from src\main\AndroidManifest.xml:102:13-72
activity#com.goodsurfing.main.ModeChangeActivity
ADDED from src\main\AndroidManifest.xml:105:9-108:71
	android:screenOrientation
		ADDED from src\main\AndroidManifest.xml:107:13-49
	android:theme
		ADDED from src\main\AndroidManifest.xml:108:13-59
	android:name
		ADDED from src\main\AndroidManifest.xml:106:13-67
activity#com.goodsurfing.fundlock.GestureEditActivity
ADDED from src\main\AndroidManifest.xml:109:9-112:71
	android:screenOrientation
		ADDED from src\main\AndroidManifest.xml:111:13-49
	android:theme
		ADDED from src\main\AndroidManifest.xml:112:13-59
	android:name
		ADDED from src\main\AndroidManifest.xml:110:13-72
activity#com.goodsurfing.fundlock.GestureVerifyActivity
ADDED from src\main\AndroidManifest.xml:113:9-116:71
	android:screenOrientation
		ADDED from src\main\AndroidManifest.xml:115:13-49
	android:theme
		ADDED from src\main\AndroidManifest.xml:116:13-59
	android:name
		ADDED from src\main\AndroidManifest.xml:114:13-74
activity#com.goodsurfing.map.AddChildrenActivity
ADDED from src\main\AndroidManifest.xml:117:9-120:71
	android:screenOrientation
		ADDED from src\main\AndroidManifest.xml:119:13-49
	android:theme
		ADDED from src\main\AndroidManifest.xml:120:13-59
	android:name
		ADDED from src\main\AndroidManifest.xml:118:13-67
activity#com.goodsurfing.map.SettingChildrenActivity
ADDED from src\main\AndroidManifest.xml:121:9-124:71
	android:screenOrientation
		ADDED from src\main\AndroidManifest.xml:123:13-49
	android:theme
		ADDED from src\main\AndroidManifest.xml:124:13-59
	android:name
		ADDED from src\main\AndroidManifest.xml:122:13-71
activity#com.goodsurfing.map.SettingChildrenNameActivity
ADDED from src\main\AndroidManifest.xml:125:9-128:71
	android:screenOrientation
		ADDED from src\main\AndroidManifest.xml:127:13-49
	android:theme
		ADDED from src\main\AndroidManifest.xml:128:13-59
	android:name
		ADDED from src\main\AndroidManifest.xml:126:13-75
activity#com.goodsurfing.map.InfoChildrenActivity
ADDED from src\main\AndroidManifest.xml:129:9-132:71
	android:screenOrientation
		ADDED from src\main\AndroidManifest.xml:131:13-49
	android:theme
		ADDED from src\main\AndroidManifest.xml:132:13-59
	android:name
		ADDED from src\main\AndroidManifest.xml:130:13-68
activity#com.goodsurfing.map.ChangePictureActivity
ADDED from src\main\AndroidManifest.xml:133:9-135:61
	android:screenOrientation
		ADDED from src\main\AndroidManifest.xml:135:13-49
	android:name
		ADDED from src\main\AndroidManifest.xml:134:13-69
activity#com.goodsurfing.addchild.ShowChildAppLoadCodeActivity
ADDED from src\main\AndroidManifest.xml:136:9-139:71
	android:screenOrientation
		ADDED from src\main\AndroidManifest.xml:138:13-49
	android:theme
		ADDED from src\main\AndroidManifest.xml:139:13-59
	android:name
		ADDED from src\main\AndroidManifest.xml:137:13-81
activity#com.goodsurfing.addchild.AddChildActivity
ADDED from src\main\AndroidManifest.xml:140:9-144:62
	android:screenOrientation
		ADDED from src\main\AndroidManifest.xml:143:13-49
	android:launchMode
		ADDED from src\main\AndroidManifest.xml:142:13-44
	android:theme
		ADDED from src\main\AndroidManifest.xml:144:13-59
	android:name
		ADDED from src\main\AndroidManifest.xml:141:13-69
activity#com.goodsurfing.addchild.ChildInfoActivity
ADDED from src\main\AndroidManifest.xml:145:9-148:62
	android:screenOrientation
		ADDED from src\main\AndroidManifest.xml:147:13-49
	android:theme
		ADDED from src\main\AndroidManifest.xml:148:13-59
	android:name
		ADDED from src\main\AndroidManifest.xml:146:13-70
activity#com.goodsurfing.addchild.ChildListActivity
ADDED from src\main\AndroidManifest.xml:149:9-153:62
	android:screenOrientation
		ADDED from src\main\AndroidManifest.xml:152:13-49
	android:launchMode
		ADDED from src\main\AndroidManifest.xml:151:13-44
	android:theme
		ADDED from src\main\AndroidManifest.xml:153:13-59
	android:name
		ADDED from src\main\AndroidManifest.xml:150:13-70
activity#com.goodsurfing.main.TerminalControlActivity
ADDED from src\main\AndroidManifest.xml:155:9-158:71
	android:screenOrientation
		ADDED from src\main\AndroidManifest.xml:157:13-49
	android:theme
		ADDED from src\main\AndroidManifest.xml:158:13-59
	android:name
		ADDED from src\main\AndroidManifest.xml:156:13-72
activity#com.goodsurfing.main.HczPersonInfoActivity
ADDED from src\main\AndroidManifest.xml:159:9-162:71
	android:screenOrientation
		ADDED from src\main\AndroidManifest.xml:161:13-49
	android:theme
		ADDED from src\main\AndroidManifest.xml:162:13-59
	android:name
		ADDED from src\main\AndroidManifest.xml:160:13-70
activity#com.goodsurfing.main.HczLoginActivity
ADDED from src\main\AndroidManifest.xml:163:9-166:71
	android:screenOrientation
		ADDED from src\main\AndroidManifest.xml:165:13-49
	android:theme
		ADDED from src\main\AndroidManifest.xml:166:13-59
	android:name
		ADDED from src\main\AndroidManifest.xml:164:13-65
activity#com.goodsurfing.main.HczFindPwdActivity
ADDED from src\main\AndroidManifest.xml:167:9-170:71
	android:screenOrientation
		ADDED from src\main\AndroidManifest.xml:169:13-49
	android:theme
		ADDED from src\main\AndroidManifest.xml:170:13-59
	android:name
		ADDED from src\main\AndroidManifest.xml:168:13-67
activity#com.goodsurfing.main.HczSetPwdActivity
ADDED from src\main\AndroidManifest.xml:171:9-174:71
	android:screenOrientation
		ADDED from src\main\AndroidManifest.xml:173:13-49
	android:theme
		ADDED from src\main\AndroidManifest.xml:174:13-59
	android:name
		ADDED from src\main\AndroidManifest.xml:172:13-66
activity#com.goodsurfing.main.LoginActivity
ADDED from src\main\AndroidManifest.xml:175:9-179:71
	android:screenOrientation
		ADDED from src\main\AndroidManifest.xml:178:13-49
	android:launchMode
		ADDED from src\main\AndroidManifest.xml:177:13-43
	android:theme
		ADDED from src\main\AndroidManifest.xml:179:13-59
	android:name
		ADDED from src\main\AndroidManifest.xml:176:13-62
activity#com.goodsurfing.main.WebActivity
ADDED from src\main\AndroidManifest.xml:180:9-183:71
	android:screenOrientation
		ADDED from src\main\AndroidManifest.xml:182:13-49
	android:theme
		ADDED from src\main\AndroidManifest.xml:183:13-59
	android:name
		ADDED from src\main\AndroidManifest.xml:181:13-60
activity#com.goodsurfing.main.WebFiltersActivity
ADDED from src\main\AndroidManifest.xml:184:9-187:71
	android:screenOrientation
		ADDED from src\main\AndroidManifest.xml:186:13-49
	android:theme
		ADDED from src\main\AndroidManifest.xml:187:13-59
	android:name
		ADDED from src\main\AndroidManifest.xml:185:13-67
activity#com.goodsurfing.main.BlackAndWhiteListActivity
ADDED from src\main\AndroidManifest.xml:188:9-191:71
	android:screenOrientation
		ADDED from src\main\AndroidManifest.xml:190:13-49
	android:theme
		ADDED from src\main\AndroidManifest.xml:191:13-59
	android:name
		ADDED from src\main\AndroidManifest.xml:189:13-74
activity#com.goodsurfing.main.AddBlackWhiteListActivity
ADDED from src\main\AndroidManifest.xml:192:9-195:71
	android:screenOrientation
		ADDED from src\main\AndroidManifest.xml:194:13-49
	android:theme
		ADDED from src\main\AndroidManifest.xml:195:13-59
	android:name
		ADDED from src\main\AndroidManifest.xml:193:13-74
activity#com.goodsurfing.main.AddWebsActivity
ADDED from src\main\AndroidManifest.xml:196:9-199:71
	android:screenOrientation
		ADDED from src\main\AndroidManifest.xml:198:13-49
	android:theme
		ADDED from src\main\AndroidManifest.xml:199:13-59
	android:name
		ADDED from src\main\AndroidManifest.xml:197:13-64
activity#com.goodsurfing.app.wxapi.ShareWeiXinActivity
ADDED from src\main\AndroidManifest.xml:200:9-203:71
	android:screenOrientation
		ADDED from src\main\AndroidManifest.xml:202:13-49
	android:theme
		ADDED from src\main\AndroidManifest.xml:203:13-59
	android:name
		ADDED from src\main\AndroidManifest.xml:201:13-73
activity#com.goodsurfing.main.TimerCountsListActivity
ADDED from src\main\AndroidManifest.xml:204:9-207:71
	android:screenOrientation
		ADDED from src\main\AndroidManifest.xml:206:13-49
	android:theme
		ADDED from src\main\AndroidManifest.xml:207:13-59
	android:name
		ADDED from src\main\AndroidManifest.xml:205:13-72
activity#com.goodsurfing.main.AddTimerCardsActivity
ADDED from src\main\AndroidManifest.xml:208:9-211:71
	android:screenOrientation
		ADDED from src\main\AndroidManifest.xml:210:13-49
	android:theme
		ADDED from src\main\AndroidManifest.xml:211:13-59
	android:name
		ADDED from src\main\AndroidManifest.xml:209:13-70
activity#com.goodsurfing.main.GuideView
ADDED from src\main\AndroidManifest.xml:212:9-215:71
	android:screenOrientation
		ADDED from src\main\AndroidManifest.xml:214:13-49
	android:theme
		ADDED from src\main\AndroidManifest.xml:215:13-59
	android:name
		ADDED from src\main\AndroidManifest.xml:213:13-58
activity#com.goodsurfing.main.ChargeChoicesActivity
ADDED from src\main\AndroidManifest.xml:216:9-219:71
	android:screenOrientation
		ADDED from src\main\AndroidManifest.xml:218:13-49
	android:theme
		ADDED from src\main\AndroidManifest.xml:219:13-59
	android:name
		ADDED from src\main\AndroidManifest.xml:217:13-70
activity#com.goodsurfing.main.ChargeListActivity
ADDED from src\main\AndroidManifest.xml:220:9-231:20
	android:screenOrientation
		ADDED from src\main\AndroidManifest.xml:222:13-49
	android:theme
		ADDED from src\main\AndroidManifest.xml:223:13-59
	android:name
		ADDED from src\main\AndroidManifest.xml:221:13-67
intent-filter#action:name:android.intent.action.VIEW+category:name:android.intent.category.DEFAULT+data:scheme:wx7b49afd96ad69fba
ADDED from src\main\AndroidManifest.xml:224:13-230:29
action#android.intent.action.VIEW
ADDED from src\main\AndroidManifest.xml:225:17-69
	android:name
		ADDED from src\main\AndroidManifest.xml:225:25-66
category#android.intent.category.DEFAULT
ADDED from src\main\AndroidManifest.xml:227:17-76
	android:name
		ADDED from src\main\AndroidManifest.xml:227:27-73
data
ADDED from src\main\AndroidManifest.xml:229:17-61
	android:scheme
		ADDED from src\main\AndroidManifest.xml:229:23-58
activity#com.goodsurfing.main.FindPasswordActivity
ADDED from src\main\AndroidManifest.xml:232:9-235:71
	android:screenOrientation
		ADDED from src\main\AndroidManifest.xml:234:13-49
	android:theme
		ADDED from src\main\AndroidManifest.xml:235:13-59
	android:name
		ADDED from src\main\AndroidManifest.xml:233:13-69
activity#com.goodsurfing.main.ApplicationControlsActivity
ADDED from src\main\AndroidManifest.xml:236:9-239:71
	android:screenOrientation
		ADDED from src\main\AndroidManifest.xml:238:13-49
	android:theme
		ADDED from src\main\AndroidManifest.xml:239:13-59
	android:name
		ADDED from src\main\AndroidManifest.xml:237:13-76
activity#com.goodsurfing.main.EditPasswordActivity
ADDED from src\main\AndroidManifest.xml:240:9-243:71
	android:screenOrientation
		ADDED from src\main\AndroidManifest.xml:242:13-49
	android:theme
		ADDED from src\main\AndroidManifest.xml:243:13-59
	android:name
		ADDED from src\main\AndroidManifest.xml:241:13-69
activity#com.goodsurfing.main.ModeChangeActivity1
ADDED from src\main\AndroidManifest.xml:244:9-247:71
	android:screenOrientation
		ADDED from src\main\AndroidManifest.xml:246:13-49
	android:theme
		ADDED from src\main\AndroidManifest.xml:247:13-59
	android:name
		ADDED from src\main\AndroidManifest.xml:245:13-68
activity#com.goodsurfing.main.HczBindActivity
ADDED from src\main\AndroidManifest.xml:248:9-251:71
	android:screenOrientation
		ADDED from src\main\AndroidManifest.xml:250:13-49
	android:theme
		ADDED from src\main\AndroidManifest.xml:251:13-59
	android:name
		ADDED from src\main\AndroidManifest.xml:249:13-64
activity#com.goodsurfing.main.AboutActivity
ADDED from src\main\AndroidManifest.xml:252:9-255:71
	android:screenOrientation
		ADDED from src\main\AndroidManifest.xml:254:13-49
	android:theme
		ADDED from src\main\AndroidManifest.xml:255:13-59
	android:name
		ADDED from src\main\AndroidManifest.xml:253:13-62
activity#com.goodsurfing.main.RegisterActivity
ADDED from src\main\AndroidManifest.xml:256:9-260:71
	android:screenOrientation
		ADDED from src\main\AndroidManifest.xml:259:13-49
	android:configChanges
		ADDED from src\main\AndroidManifest.xml:258:13-74
	android:theme
		ADDED from src\main\AndroidManifest.xml:260:13-59
	android:name
		ADDED from src\main\AndroidManifest.xml:257:13-65
activity#com.goodsurfing.main.BindActivity
ADDED from src\main\AndroidManifest.xml:261:9-264:71
	android:screenOrientation
		ADDED from src\main\AndroidManifest.xml:263:13-49
	android:theme
		ADDED from src\main\AndroidManifest.xml:264:13-59
	android:name
		ADDED from src\main\AndroidManifest.xml:262:13-61
activity#com.goodsurfing.main.RegisterNextActivity
ADDED from src\main\AndroidManifest.xml:265:9-268:71
	android:screenOrientation
		ADDED from src\main\AndroidManifest.xml:267:13-49
	android:theme
		ADDED from src\main\AndroidManifest.xml:268:13-59
	android:name
		ADDED from src\main\AndroidManifest.xml:266:13-69
activity#com.goodsurfing.main.PersonInfoActivity
ADDED from src\main\AndroidManifest.xml:269:9-272:71
	android:screenOrientation
		ADDED from src\main\AndroidManifest.xml:271:13-49
	android:theme
		ADDED from src\main\AndroidManifest.xml:272:13-59
	android:name
		ADDED from src\main\AndroidManifest.xml:270:13-67
activity#com.goodsurfing.main.ModifyPasswordActivity
ADDED from src\main\AndroidManifest.xml:273:9-276:71
	android:screenOrientation
		ADDED from src\main\AndroidManifest.xml:275:13-49
	android:theme
		ADDED from src\main\AndroidManifest.xml:276:13-59
	android:name
		ADDED from src\main\AndroidManifest.xml:274:13-71
activity#com.alipay.sdk.app.H5PayActivity
ADDED from src\main\AndroidManifest.xml:279:9-283:79
	android:screenOrientation
		ADDED from src\main\AndroidManifest.xml:282:13-47
	android:windowSoftInputMode
		ADDED from src\main\AndroidManifest.xml:283:13-67
	android:exported
		ADDED from src\main\AndroidManifest.xml:281:13-37
	android:name
		ADDED from src\main\AndroidManifest.xml:280:13-60
meta-data#UMENG_APPKEY
ADDED from src\main\AndroidManifest.xml:285:9-287:56
	android:value
		ADDED from src\main\AndroidManifest.xml:287:13-53
	android:name
		ADDED from src\main\AndroidManifest.xml:286:13-40
meta-data#UMENG_CHANNEL
ADDED from src\main\AndroidManifest.xml:288:9-290:38
	android:value
		ADDED from src\main\AndroidManifest.xml:290:13-35
	android:name
		ADDED from src\main\AndroidManifest.xml:289:13-41
service#com.baidu.location.f
ADDED from src\main\AndroidManifest.xml:292:9-295:49
	android:process
		ADDED from src\main\AndroidManifest.xml:295:13-38
	android:enabled
		ADDED from src\main\AndroidManifest.xml:294:13-35
	android:name
		ADDED from src\main\AndroidManifest.xml:293:13-48
receiver#net.sourceforge.simcpux.AppRegister
ADDED from src\main\AndroidManifest.xml:297:9-301:20
	android:name
		ADDED from src\main\AndroidManifest.xml:297:19-69
intent-filter#action:name:com.tencent.mm.plugin.openapi.Intent.ACTION_REFRESH_WXAPP
ADDED from src\main\AndroidManifest.xml:298:13-300:29
action#com.tencent.mm.plugin.openapi.Intent.ACTION_REFRESH_WXAPP
ADDED from src\main\AndroidManifest.xml:299:17-100
	android:name
		ADDED from src\main\AndroidManifest.xml:299:25-97
activity#com.tencent.tauth.AuthActivity
ADDED from src\main\AndroidManifest.xml:303:9-315:20
	android:launchMode
		ADDED from src\main\AndroidManifest.xml:305:13-44
	android:noHistory
		ADDED from src\main\AndroidManifest.xml:306:13-37
	android:name
		ADDED from src\main\AndroidManifest.xml:304:13-58
intent-filter#action:name:android.intent.action.VIEW+category:name:android.intent.category.BROWSABLE+category:name:android.intent.category.DEFAULT+data:scheme:101492008
ADDED from src\main\AndroidManifest.xml:307:13-314:29
category#android.intent.category.BROWSABLE
ADDED from src\main\AndroidManifest.xml:311:17-78